# JRE version: OpenJDK Runtime Environment (8.0_212-b04) (build 1.8.0_212-release-1586-b04)
# Java VM: OpenJDK 64-Bit Server VM (25.212-b04 mixed mode windows-amd64 compressed oops)
Heap:
 PSYoungGen      total 210432K, used 141209K [0x00000000e0000000, 0x00000000ef680000, 0x0000000100000000)
  eden space 184320K, 73% used [0x00000000e0000000,0x00000000e83b4890,0x00000000eb400000)
  from space 26112K, 24% used [0x00000000ecd80000,0x00000000ed3b1f58,0x00000000ee700000)
  to   space 26112K, 0% used [0x00000000eb400000,0x00000000eb400000,0x00000000ecd80000)
 ParOldGen       total 198656K, used 55140K [0x00000000a0000000, 0x00000000ac200000, 0x00000000e0000000)
  object space 198656K, 27% used [0x00000000a0000000,0x00000000a35d91b0,0x00000000ac200000)
 Metaspace       used 98856K, capacity 102902K, committed 104064K, reserved 1140736K
  class space    used 12666K, capacity 13451K, committed 13696K, reserved 1048576K
GC Heap History (10 events):
Event: 1693.565 GC heap before
{Heap before GC invocations=24 (full 3):
 PSYoungGen      total 189952K, used 189943K [0x00000000e0000000, 0x00000000eeb00000, 0x0000000100000000)
  eden space 175616K, 100% used [0x00000000e0000000,0x00000000eab80000,0x00000000eab80000)
  from space 14336K, 99% used [0x00000000edd00000,0x00000000eeafde60,0x00000000eeb00000)
  to   space 20992K, 0% used [0x00000000ec200000,0x00000000ec200000,0x00000000ed680000)
 ParOldGen       total 132096K, used 56778K [0x00000000a0000000, 0x00000000a8100000, 0x00000000e0000000)
  object space 132096K, 42% used [0x00000000a0000000,0x00000000a3772858,0x00000000a8100000)
 Metaspace       used 84447K, capacity 88408K, committed 88576K, reserved 1126400K
  class space    used 10877K, capacity 11735K, committed 11776K, reserved 1048576K
Event: 1693.597 GC heap after
Heap after GC invocations=24 (full 3):
 PSYoungGen      total 186368K, used 16023K [0x00000000e0000000, 0x00000000edd80000, 0x0000000100000000)
  eden space 169984K, 0% used [0x00000000e0000000,0x00000000e0000000,0x00000000ea600000)
  from space 16384K, 97% used [0x00000000ec200000,0x00000000ed1a5c58,0x00000000ed200000)
  to   space 11776K, 0% used [0x00000000ed200000,0x00000000ed200000,0x00000000edd80000)
 ParOldGen       total 132096K, used 56786K [0x00000000a0000000, 0x00000000a8100000, 0x00000000e0000000)
  object space 132096K, 42% used [0x00000000a0000000,0x00000000a3774858,0x00000000a8100000)
 Metaspace       used 84447K, capacity 88408K, committed 88576K, reserved 1126400K
  class space    used 10877K, capacity 11735K, committed 11776K, reserved 1048576K
}
Event: 1699.105 GC heap before
{Heap before GC invocations=25 (full 3):
 PSYoungGen      total 186368K, used 136745K [0x00000000e0000000, 0x00000000edd80000, 0x0000000100000000)
  eden space 169984K, 71% used [0x00000000e0000000,0x00000000e75e4a98,0x00000000ea600000)
  from space 16384K, 97% used [0x00000000ec200000,0x00000000ed1a5c58,0x00000000ed200000)
  to   space 11776K, 0% used [0x00000000ed200000,0x00000000ed200000,0x00000000edd80000)
 ParOldGen       total 132096K, used 56786K [0x00000000a0000000, 0x00000000a8100000, 0x00000000e0000000)
  object space 132096K, 42% used [0x00000000a0000000,0x00000000a3774858,0x00000000a8100000)
 Metaspace       used 94008K, capacity 98434K, committed 98560K, reserved 1134592K
  class space    used 12160K, capacity 13062K, committed 13184K, reserved 1048576K
Event: 1699.131 GC heap after
Heap after GC invocations=25 (full 3):
 PSYoungGen      total 176640K, used 11763K [0x00000000e0000000, 0x00000000edd80000, 0x0000000100000000)
  eden space 164864K, 0% used [0x00000000e0000000,0x00000000e0000000,0x00000000ea100000)
  from space 11776K, 99% used [0x00000000ed200000,0x00000000edd7cd40,0x00000000edd80000)
  to   space 26624K, 0% used [0x00000000ea980000,0x00000000ea980000,0x00000000ec380000)
 ParOldGen       total 132096K, used 72217K [0x00000000a0000000, 0x00000000a8100000, 0x00000000e0000000)
  object space 132096K, 54% used [0x00000000a0000000,0x00000000a4686428,0x00000000a8100000)
 Metaspace       used 94008K, capacity 98434K, committed 98560K, reserved 1134592K
  class space    used 12160K, capacity 13062K, committed 13184K, reserved 1048576K
}
Event: 1699.131 GC heap before
{Heap before GC invocations=26 (full 4):
 PSYoungGen      total 176640K, used 11763K [0x00000000e0000000, 0x00000000edd80000, 0x0000000100000000)
  eden space 164864K, 0% used [0x00000000e0000000,0x00000000e0000000,0x00000000ea100000)
  from space 11776K, 99% used [0x00000000ed200000,0x00000000edd7cd40,0x00000000edd80000)
  to   space 26624K, 0% used [0x00000000ea980000,0x00000000ea980000,0x00000000ec380000)
 ParOldGen       total 132096K, used 72217K [0x00000000a0000000, 0x00000000a8100000, 0x00000000e0000000)
  object space 132096K, 54% used [0x00000000a0000000,0x00000000a4686428,0x00000000a8100000)
 Metaspace       used 94008K, capacity 98434K, committed 98560K, reserved 1134592K
  class space    used 12160K, capacity 13062K, committed 13184K, reserved 1048576K
Event: 1699.890 GC heap after
Heap after GC invocations=26 (full 4):
 PSYoungGen      total 176640K, used 0K [0x00000000e0000000, 0x00000000edd80000, 0x0000000100000000)
  eden space 164864K, 0% used [0x00000000e0000000,0x00000000e0000000,0x00000000ea100000)
  from space 11776K, 0% used [0x00000000ed200000,0x00000000ed200000,0x00000000edd80000)
  to   space 26624K, 0% used [0x00000000ea980000,0x00000000ea980000,0x00000000ec380000)
 ParOldGen       total 198656K, used 55124K [0x00000000a0000000, 0x00000000ac200000, 0x00000000e0000000)
  object space 198656K, 27% used [0x00000000a0000000,0x00000000a35d51b0,0x00000000ac200000)
 Metaspace       used 92725K, capacity 95882K, committed 98560K, reserved 1134592K
  class space    used 11883K, capacity 12547K, committed 13184K, reserved 1048576K
}
Event: 1702.524 GC heap before
{Heap before GC invocations=27 (full 4):
 PSYoungGen      total 176640K, used 164864K [0x00000000e0000000, 0x00000000edd80000, 0x0000000100000000)
  eden space 164864K, 100% used [0x00000000e0000000,0x00000000ea100000,0x00000000ea100000)
  from space 11776K, 0% used [0x00000000ed200000,0x00000000ed200000,0x00000000edd80000)
  to   space 26624K, 0% used [0x00000000ea980000,0x00000000ea980000,0x00000000ec380000)
 ParOldGen       total 198656K, used 55124K [0x00000000a0000000, 0x00000000ac200000, 0x00000000e0000000)
  object space 198656K, 27% used [0x00000000a0000000,0x00000000a35d51b0,0x00000000ac200000)
 Metaspace       used 98204K, capacity 102186K, committed 103552K, reserved 1138688K
  class space    used 12642K, capacity 13411K, committed 13696K, reserved 1048576K
Event: 1702.542 GC heap after
Heap after GC invocations=27 (full 4):
 PSYoungGen      total 200192K, used 7206K [0x00000000e0000000, 0x00000000ee700000, 0x0000000100000000)
  eden space 173568K, 0% used [0x00000000e0000000,0x00000000e0000000,0x00000000ea980000)
  from space 26624K, 27% used [0x00000000ea980000,0x00000000eb089b60,0x00000000ec380000)
  to   space 26112K, 0% used [0x00000000ecd80000,0x00000000ecd80000,0x00000000ee700000)
 ParOldGen       total 198656K, used 55132K [0x00000000a0000000, 0x00000000ac200000, 0x00000000e0000000)
  object space 198656K, 27% used [0x00000000a0000000,0x00000000a35d71b0,0x00000000ac200000)
 Metaspace       used 98204K, capacity 102186K, committed 103552K, reserved 1138688K
  class space    used 12642K, capacity 13411K, committed 13696K, reserved 1048576K
}
Event: 1703.484 GC heap before
{Heap before GC invocations=28 (full 4):
 PSYoungGen      total 200192K, used 180774K [0x00000000e0000000, 0x00000000ee700000, 0x0000000100000000)
  eden space 173568K, 100% used [0x00000000e0000000,0x00000000ea980000,0x00000000ea980000)
  from space 26624K, 27% used [0x00000000ea980000,0x00000000eb089b60,0x00000000ec380000)
  to   space 26112K, 0% used [0x00000000ecd80000,0x00000000ecd80000,0x00000000ee700000)
 ParOldGen       total 198656K, used 55132K [0x00000000a0000000, 0x00000000ac200000, 0x00000000e0000000)
  object space 198656K, 27% used [0x00000000a0000000,0x00000000a35d71b0,0x00000000ac200000)
 Metaspace       used 98685K, capacity 102666K, committed 103808K, reserved 1138688K
  class space    used 12660K, capacity 13447K, committed 13696K, reserved 1048576K
Event: 1703.503 GC heap after
Heap after GC invocations=28 (full 4):
 PSYoungGen      total 210432K, used 6343K [0x00000000e0000000, 0x00000000ef680000, 0x0000000100000000)
  eden space 184320K, 0% used [0x00000000e0000000,0x00000000e0000000,0x00000000eb400000)
  from space 26112K, 24% used [0x00000000ecd80000,0x00000000ed3b1f58,0x00000000ee700000)
  to   space 26112K, 0% used [0x00000000eb400000,0x00000000eb400000,0x00000000ecd80000)
 ParOldGen       total 198656K, used 55140K [0x00000000a0000000, 0x00000000ac200000, 0x00000000e0000000)
  object space 198656K, 27% used [0x00000000a0000000,0x00000000a35d91b0,0x00000000ac200000)
 Metaspace       used 98685K, capacity 102666K, committed 103808K, reserved 1138688K
  class space    used 12660K, capacity 13447K, committed 13696K, reserved 1048576K
}

